<?xml version="1.0" encoding="UTF-8"?>
<testsuites name="20191001_151642" timestamp="2019-10-01T15:16:42" time="54.119" tests="19" errors="1">
  <testsuite id="1001" name="1 Scenario_IndexIcon" package="1 Scenario_IndexIcon" hostname="ATMECSINDT-016" timestamp="2019-10-01T15:16:43" time="20.664" tests="6" errors="0">
    <properties>
      <property name="Run From" value="ATMECSINDT-016" />
      <property name="Run OS" value="amd64 Windows 10 10.0" />
      <property name="Run User" value="Unnamalai.S" />
      <property name="Iteration" value="1 of 1" />
      <property name="Script" value="Scenario_IndexIcon.xlsx" />
      <property name="Logs" value="C:\projects\ParaBankAutomation\output\20191001_151642\logs\nexial-20191001_151642.log" />
      <property name="Data File" value="Scenario_IndexIcon.data.xlsx" />
      <property name="DataSheet(s)" value="#default" />
      <property name="runtime args" value="-plan C:\projects\ParaBankAutomation\artifact\plan\Scenario_IndexIcon-plan.xlsx" />
    </properties>
    <testcase id="Validate index icon" name="Validate index icon" classname="TestCase_06" timestamp="2019-10-01T15:16:46" time="17.904">
      <system-out>Total : 6
Passed: 6
Failed: 0
Output: C:\projects\ParaBankAutomation\output\20191001_151642\Scenario_IndexIcon-plan.001,Scenario_IndexIcon.20191001_151643.001.xlsx
Logs  : C:\projects\ParaBankAutomation\output\20191001_151642\logs\nexial-20191001_151642.log</system-out>
    </testcase>
  </testsuite>
  <testsuite id="2001" name="2 Scenario_IndexIcon" package="2 Scenario_IndexIcon" hostname="ATMECSINDT-016" timestamp="2019-10-01T15:17:07" time="15.784" tests="9" errors="0">
    <properties>
      <property name="Run From" value="ATMECSINDT-016" />
      <property name="Run OS" value="amd64 Windows 10 10.0" />
      <property name="Run User" value="Unnamalai.S" />
      <property name="Iteration" value="1 of 1" />
      <property name="Script" value="Scenario_IndexIcon.xlsx" />
      <property name="Logs" value="C:\projects\ParaBankAutomation\output\20191001_151642\logs\nexial-20191001_151642.log" />
      <property name="runtime args" value="-plan C:\projects\ParaBankAutomation\artifact\plan\Scenario_IndexIcon-plan.xlsx" />
      <property name="DataSheet(s)" value="#default" />
      <property name="Data File" value="Scenario_IndexIcon.data.xlsx" />
    </properties>
    <testcase id="Verifying ATM services of index page" name="Verifying ATM services of index page" classname="TestCase_07" timestamp="2019-10-01T15:17:09" time="13.831">
      <system-out>Total : 9
Passed: 9
Failed: 0
Output: C:\projects\ParaBankAutomation\output\20191001_151642\Scenario_IndexIcon-plan.002,Scenario_IndexIcon.20191001_151707.001.xlsx
Logs  : C:\projects\ParaBankAutomation\output\20191001_151642\logs\nexial-20191001_151642.log</system-out>
    </testcase>
  </testsuite>
  <testsuite id="3001" name="3 Scenario_IndexIcon" package="3 Scenario_IndexIcon" hostname="ATMECSINDT-016" timestamp="2019-10-01T15:17:25" time="8.631" tests="4" errors="1">
    <properties>
      <property name="Run From" value="ATMECSINDT-016" />
      <property name="Run OS" value="amd64 Windows 10 10.0" />
      <property name="Run User" value="Unnamalai.S" />
      <property name="Iteration" value="1 of 1" />
      <property name="Script" value="Scenario_IndexIcon.xlsx" />
      <property name="Logs" value="C:\projects\ParaBankAutomation\output\20191001_151642\logs\nexial-20191001_151642.log" />
      <property name="runtime args" value="-plan C:\projects\ParaBankAutomation\artifact\plan\Scenario_IndexIcon-plan.xlsx" />
      <property name="Data File" value="Scenario_IndexIcon.data.xlsx" />
      <property name="DataSheet(s)" value="#default" />
    </properties>
    <testcase id="Verifying online services of index page" name="Verifying online services of index page" classname="TestCase_08" timestamp="2019-10-01T15:17:26" time="7.820">
      <failure type="failure found in test activity" message="1 of 4 FAILED. Check C:\projects\ParaBankAutomation\output\20191001_151642\Scenario_IndexIcon-plan.003,Scenario_IndexIcon.20191001_151725.001.xlsx for execution result, C:\projects\ParaBankAutomation\output\20191001_151642\logs\nexial-20191001_151642.log for execution logs" />
      <system-out>Total : 4
Passed: 3
Failed: 1
Output: C:\projects\ParaBankAutomation\output\20191001_151642\Scenario_IndexIcon-plan.003,Scenario_IndexIcon.20191001_151725.001.xlsx
Logs  : C:\projects\ParaBankAutomation\output\20191001_151642\logs\nexial-20191001_151642.log</system-out>
    </testcase>
  </testsuite>
</testsuites>
