<?xml version="1.0" encoding="UTF-8"?>
<testsuites name="20191001_114955" timestamp="2019-10-01T11:49:55" time="17.097" tests="1" errors="0">
  <testsuite id="1001" name="1 Scenario_IndexIcon" package="1 Scenario_IndexIcon" hostname="ATMECSINDT-016" timestamp="2019-10-01T11:49:57" time="13.273" tests="1" errors="0">
    <properties>
      <property name="Run From" value="ATMECSINDT-016" />
      <property name="Run OS" value="amd64 Windows 10 10.0" />
      <property name="Run User" value="Unnamalai.S" />
      <property name="Iteration" value="1 of 1" />
      <property name="Script" value="Scenario_IndexIcon.xlsx" />
      <property name="Logs" value="C:\projects\ParaBankAutomation\output\20191001_114955\logs\nexial-20191001_114955.log" />
      <property name="Data File" value="Scenario_IndexIcon.data.xlsx" />
      <property name="DataSheet(s)" value="#default" />
      <property name="runtime args" value="-plan C:\projects\ParaBankAutomation\artifact\plan\Scenario_IndexIcon-plan.xlsx" />
    </properties>
    <testcase id="Validate index icon" name="Validate index icon" classname="TestCase_06" timestamp="2019-10-01T11:49:59" time="10.926">
      <system-out>Total : 1
Passed: 1
Failed: 0
Output: C:\projects\ParaBankAutomation\output\20191001_114955\Scenario_IndexIcon-plan.001,Scenario_IndexIcon.20191001_114957.001.xlsx
Logs  : C:\projects\ParaBankAutomation\output\20191001_114955\logs\nexial-20191001_114955.log</system-out>
    </testcase>
  </testsuite>
</testsuites>
