<?xml version="1.0" encoding="UTF-8"?>
<testsuites name="20191001_165825" timestamp="2019-10-01T16:58:25" time="58.288" tests="25" errors="1">
  <testsuite id="1001" name="1 Scenario_IndexIcon" package="1 Scenario_IndexIcon" hostname="ATMECSINDT-016" timestamp="2019-10-01T16:58:27" time="19.107" tests="6" errors="0">
    <properties>
      <property name="Run From" value="ATMECSINDT-016" />
      <property name="Run OS" value="amd64 Windows 10 10.0" />
      <property name="Run User" value="Unnamalai.S" />
      <property name="Iteration" value="1 of 1" />
      <property name="Script" value="Scenario_IndexIcon.xlsx" />
      <property name="Logs" value="C:\projects\ParaBankAutomation\output\20191001_165825\logs\nexial-20191001_165825.log" />
      <property name="Data File" value="Scenario_IndexIcon.data.xlsx" />
      <property name="DataSheet(s)" value="#default" />
      <property name="runtime args" value="-plan C:\projects\ParaBankAutomation\artifact\plan\Scenario_IndexIcon-plan.xlsx" />
    </properties>
    <testcase id="Validate index icon" name="Validate index icon" classname="TestCase_06" timestamp="2019-10-01T16:58:30" time="15.984">
      <system-out>Total : 6
Passed: 6
Failed: 0
Output: C:\projects\ParaBankAutomation\output\20191001_165825\Scenario_IndexIcon-plan.001,Scenario_IndexIcon.20191001_165827.001.xlsx
Logs  : C:\projects\ParaBankAutomation\output\20191001_165825\logs\nexial-20191001_165825.log</system-out>
    </testcase>
  </testsuite>
  <testsuite id="2001" name="2 Scenario_IndexIcon" package="2 Scenario_IndexIcon" hostname="ATMECSINDT-016" timestamp="2019-10-01T16:58:49" time="16.078" tests="9" errors="0">
    <properties>
      <property name="Run From" value="ATMECSINDT-016" />
      <property name="Run OS" value="amd64 Windows 10 10.0" />
      <property name="Run User" value="Unnamalai.S" />
      <property name="Iteration" value="1 of 1" />
      <property name="Script" value="Scenario_IndexIcon.xlsx" />
      <property name="Logs" value="C:\projects\ParaBankAutomation\output\20191001_165825\logs\nexial-20191001_165825.log" />
      <property name="runtime args" value="-plan C:\projects\ParaBankAutomation\artifact\plan\Scenario_IndexIcon-plan.xlsx" />
      <property name="DataSheet(s)" value="#default" />
      <property name="Data File" value="Scenario_IndexIcon.data.xlsx" />
    </properties>
    <testcase id="Verifying ATM services of index page" name="Verifying ATM services of index page" classname="TestCase_07" timestamp="2019-10-01T16:58:51" time="13.759">
      <system-out>Total : 9
Passed: 9
Failed: 0
Output: C:\projects\ParaBankAutomation\output\20191001_165825\Scenario_IndexIcon-plan.002,Scenario_IndexIcon.20191001_165849.001.xlsx
Logs  : C:\projects\ParaBankAutomation\output\20191001_165825\logs\nexial-20191001_165825.log</system-out>
    </testcase>
  </testsuite>
  <testsuite id="3001" name="3 Scenario_IndexIcon" package="3 Scenario_IndexIcon" hostname="ATMECSINDT-016" timestamp="2019-10-01T16:59:07" time="9.171" tests="7" errors="0">
    <properties>
      <property name="Run From" value="ATMECSINDT-016" />
      <property name="Run OS" value="amd64 Windows 10 10.0" />
      <property name="Run User" value="Unnamalai.S" />
      <property name="Iteration" value="1 of 1" />
      <property name="Script" value="Scenario_IndexIcon.xlsx" />
      <property name="Logs" value="C:\projects\ParaBankAutomation\output\20191001_165825\logs\nexial-20191001_165825.log" />
      <property name="runtime args" value="-plan C:\projects\ParaBankAutomation\artifact\plan\Scenario_IndexIcon-plan.xlsx" />
      <property name="Data File" value="Scenario_IndexIcon.data.xlsx" />
      <property name="DataSheet(s)" value="#default" />
    </properties>
    <testcase id="Verifying online services of index page" name="Verifying online services of index page" classname="TestCase_08" timestamp="2019-10-01T16:59:08" time="8.246">
      <system-out>Total : 7
Passed: 7
Failed: 0
Output: C:\projects\ParaBankAutomation\output\20191001_165825\Scenario_IndexIcon-plan.003,Scenario_IndexIcon.20191001_165907.001.xlsx
Logs  : C:\projects\ParaBankAutomation\output\20191001_165825\logs\nexial-20191001_165825.log</system-out>
    </testcase>
  </testsuite>
  <testsuite id="4001" name="4 Scenario_IndexIcon" package="4 Scenario_IndexIcon" hostname="ATMECSINDT-016" timestamp="2019-10-01T16:59:18" time="4.368" tests="3" errors="1">
    <properties>
      <property name="Run From" value="ATMECSINDT-016" />
      <property name="Run OS" value="amd64 Windows 10 10.0" />
      <property name="Run User" value="Unnamalai.S" />
      <property name="Iteration" value="1 of 1" />
      <property name="Script" value="Scenario_IndexIcon.xlsx" />
      <property name="Logs" value="C:\projects\ParaBankAutomation\output\20191001_165825\logs\nexial-20191001_165825.log" />
      <property name="runtime args" value="-plan C:\projects\ParaBankAutomation\artifact\plan\Scenario_IndexIcon-plan.xlsx" />
      <property name="Data File" value="Scenario_IndexIcon.data.xlsx" />
      <property name="DataSheet(s)" value="#default" />
    </properties>
    <testcase id="Verifying online services of index page" name="Verifying online services of index page" classname="TestCase_09" timestamp="2019-10-01T16:59:19" time="3.196">
      <failure type="failure found in test activity" message="1 of 3 FAILED. Check C:\projects\ParaBankAutomation\output\20191001_165825\Scenario_IndexIcon-plan.004,Scenario_IndexIcon.20191001_165918.001.xlsx for execution result, C:\projects\ParaBankAutomation\output\20191001_165825\logs\nexial-20191001_165825.log for execution logs" />
      <system-out>Total : 3
Passed: 2
Failed: 1
Output: C:\projects\ParaBankAutomation\output\20191001_165825\Scenario_IndexIcon-plan.004,Scenario_IndexIcon.20191001_165918.001.xlsx
Logs  : C:\projects\ParaBankAutomation\output\20191001_165825\logs\nexial-20191001_165825.log</system-out>
    </testcase>
  </testsuite>
</testsuites>
