<?xml version="1.0" encoding="UTF-8"?>
<testsuites name="20191001_163651" timestamp="2019-10-01T16:36:51" time="53.126" tests="22" errors="0">
  <testsuite id="1001" name="1 Scenario_IndexIcon" package="1 Scenario_IndexIcon" hostname="ATMECSINDT-016" timestamp="2019-10-01T16:36:52" time="22.155" tests="6" errors="0">
    <properties>
      <property name="Run From" value="ATMECSINDT-016" />
      <property name="Run OS" value="amd64 Windows 10 10.0" />
      <property name="Run User" value="Unnamalai.S" />
      <property name="Iteration" value="1 of 1" />
      <property name="Script" value="Scenario_IndexIcon.xlsx" />
      <property name="Logs" value="C:\projects\ParaBankAutomation\output\20191001_163651\logs\nexial-20191001_163651.log" />
      <property name="Data File" value="Scenario_IndexIcon.data.xlsx" />
      <property name="DataSheet(s)" value="#default" />
      <property name="runtime args" value="-plan C:\projects\ParaBankAutomation\artifact\plan\Scenario_IndexIcon-plan.xlsx" />
    </properties>
    <testcase id="Validate index icon" name="Validate index icon" classname="TestCase_06" timestamp="2019-10-01T16:36:55" time="19.343">
      <system-out>Total : 6
Passed: 6
Failed: 0
Output: C:\projects\ParaBankAutomation\output\20191001_163651\Scenario_IndexIcon-plan.001,Scenario_IndexIcon.20191001_163652.001.xlsx
Logs  : C:\projects\ParaBankAutomation\output\20191001_163651\logs\nexial-20191001_163651.log</system-out>
    </testcase>
  </testsuite>
  <testsuite id="2001" name="2 Scenario_IndexIcon" package="2 Scenario_IndexIcon" hostname="ATMECSINDT-016" timestamp="2019-10-01T16:37:17" time="13.538" tests="9" errors="0">
    <properties>
      <property name="Run From" value="ATMECSINDT-016" />
      <property name="Run OS" value="amd64 Windows 10 10.0" />
      <property name="Run User" value="Unnamalai.S" />
      <property name="Iteration" value="1 of 1" />
      <property name="Script" value="Scenario_IndexIcon.xlsx" />
      <property name="Logs" value="C:\projects\ParaBankAutomation\output\20191001_163651\logs\nexial-20191001_163651.log" />
      <property name="runtime args" value="-plan C:\projects\ParaBankAutomation\artifact\plan\Scenario_IndexIcon-plan.xlsx" />
      <property name="DataSheet(s)" value="#default" />
      <property name="Data File" value="Scenario_IndexIcon.data.xlsx" />
    </properties>
    <testcase id="Verifying ATM services of index page" name="Verifying ATM services of index page" classname="TestCase_07" timestamp="2019-10-01T16:37:18" time="12.087">
      <system-out>Total : 9
Passed: 9
Failed: 0
Output: C:\projects\ParaBankAutomation\output\20191001_163651\Scenario_IndexIcon-plan.002,Scenario_IndexIcon.20191001_163717.001.xlsx
Logs  : C:\projects\ParaBankAutomation\output\20191001_163651\logs\nexial-20191001_163651.log</system-out>
    </testcase>
  </testsuite>
  <testsuite id="3001" name="3 Scenario_IndexIcon" package="3 Scenario_IndexIcon" hostname="ATMECSINDT-016" timestamp="2019-10-01T16:37:33" time="9.165" tests="7" errors="0">
    <properties>
      <property name="Run From" value="ATMECSINDT-016" />
      <property name="Run OS" value="amd64 Windows 10 10.0" />
      <property name="Run User" value="Unnamalai.S" />
      <property name="Iteration" value="1 of 1" />
      <property name="Script" value="Scenario_IndexIcon.xlsx" />
      <property name="Logs" value="C:\projects\ParaBankAutomation\output\20191001_163651\logs\nexial-20191001_163651.log" />
      <property name="runtime args" value="-plan C:\projects\ParaBankAutomation\artifact\plan\Scenario_IndexIcon-plan.xlsx" />
      <property name="Data File" value="Scenario_IndexIcon.data.xlsx" />
      <property name="DataSheet(s)" value="#default" />
    </properties>
    <testcase id="Verifying online services of index page" name="Verifying online services of index page" classname="TestCase_08" timestamp="2019-10-01T16:37:34" time="8.255">
      <system-out>Total : 7
Passed: 7
Failed: 0
Output: C:\projects\ParaBankAutomation\output\20191001_163651\Scenario_IndexIcon-plan.003,Scenario_IndexIcon.20191001_163733.001.xlsx
Logs  : C:\projects\ParaBankAutomation\output\20191001_163651\logs\nexial-20191001_163651.log</system-out>
    </testcase>
  </testsuite>
</testsuites>
