<?xml version="1.0" encoding="UTF-8"?>
<testsuites name="20191001_143119" timestamp="2019-10-01T14:31:19" time="34.127" tests="10" errors="0">
  <testsuite id="1001" name="1 Scenario_IndexIcon" package="1 Scenario_IndexIcon" hostname="ATMECSINDT-016" timestamp="2019-10-01T14:31:21" time="19.670" tests="6" errors="0">
    <properties>
      <property name="Run From" value="ATMECSINDT-016" />
      <property name="Run OS" value="amd64 Windows 10 10.0" />
      <property name="Run User" value="Unnamalai.S" />
      <property name="Iteration" value="1 of 1" />
      <property name="Script" value="Scenario_IndexIcon.xlsx" />
      <property name="Logs" value="C:\projects\ParaBankAutomation\output\20191001_143119\logs\nexial-20191001_143119.log" />
      <property name="Data File" value="Scenario_IndexIcon.data.xlsx" />
      <property name="DataSheet(s)" value="#default" />
      <property name="runtime args" value="-plan C:\projects\ParaBankAutomation\artifact\plan\Scenario_IndexIcon-plan.xlsx" />
    </properties>
    <testcase id="Validate index icon" name="Validate index icon" classname="TestCase_06" timestamp="2019-10-01T14:31:23" time="16.879">
      <system-out>Total : 6
Passed: 6
Failed: 0
Output: C:\projects\ParaBankAutomation\output\20191001_143119\Scenario_IndexIcon-plan.001,Scenario_IndexIcon.20191001_143121.001.xlsx
Logs  : C:\projects\ParaBankAutomation\output\20191001_143119\logs\nexial-20191001_143119.log</system-out>
    </testcase>
  </testsuite>
  <testsuite id="2001" name="2 Scenario_IndexIcon" package="2 Scenario_IndexIcon" hostname="ATMECSINDT-016" timestamp="2019-10-01T14:31:43" time="7.665" tests="4" errors="0">
    <properties>
      <property name="Run From" value="ATMECSINDT-016" />
      <property name="Run OS" value="amd64 Windows 10 10.0" />
      <property name="Run User" value="Unnamalai.S" />
      <property name="Iteration" value="1 of 1" />
      <property name="Script" value="Scenario_IndexIcon.xlsx" />
      <property name="Logs" value="C:\projects\ParaBankAutomation\output\20191001_143119\logs\nexial-20191001_143119.log" />
      <property name="runtime args" value="-plan C:\projects\ParaBankAutomation\artifact\plan\Scenario_IndexIcon-plan.xlsx" />
      <property name="DataSheet(s)" value="#default" />
      <property name="Data File" value="Scenario_IndexIcon.data.xlsx" />
    </properties>
    <testcase id="Verifying ATM services of index page" name="Verifying ATM services of index page" classname="TestCase_07" timestamp="2019-10-01T14:31:45" time="5.871">
      <system-out>Total : 4
Passed: 4
Failed: 0
Output: C:\projects\ParaBankAutomation\output\20191001_143119\Scenario_IndexIcon-plan.002,Scenario_IndexIcon.20191001_143143.001.xlsx
Logs  : C:\projects\ParaBankAutomation\output\20191001_143119\logs\nexial-20191001_143119.log</system-out>
    </testcase>
  </testsuite>
</testsuites>
