<?xml version="1.0" encoding="UTF-8"?>
<testsuites name="20191001_142835" timestamp="2019-10-01T14:28:35" time="32.108" tests="9" errors="0">
  <testsuite id="1001" name="1 Scenario_IndexIcon" package="1 Scenario_IndexIcon" hostname="ATMECSINDT-016" timestamp="2019-10-01T14:28:36" time="20.943" tests="6" errors="0">
    <properties>
      <property name="Run From" value="ATMECSINDT-016" />
      <property name="Run OS" value="amd64 Windows 10 10.0" />
      <property name="Run User" value="Unnamalai.S" />
      <property name="Iteration" value="1 of 1" />
      <property name="Script" value="Scenario_IndexIcon.xlsx" />
      <property name="Logs" value="C:\projects\ParaBankAutomation\output\20191001_142835\logs\nexial-20191001_142835.log" />
      <property name="Data File" value="Scenario_IndexIcon.data.xlsx" />
      <property name="DataSheet(s)" value="#default" />
      <property name="runtime args" value="-plan C:\projects\ParaBankAutomation\artifact\plan\Scenario_IndexIcon-plan.xlsx" />
    </properties>
    <testcase id="Validate index icon" name="Validate index icon" classname="TestCase_06" timestamp="2019-10-01T14:28:39" time="18.122">
      <system-out>Total : 6
Passed: 6
Failed: 0
Output: C:\projects\ParaBankAutomation\output\20191001_142835\Scenario_IndexIcon-plan.001,Scenario_IndexIcon.20191001_142836.001.xlsx
Logs  : C:\projects\ParaBankAutomation\output\20191001_142835\logs\nexial-20191001_142835.log</system-out>
    </testcase>
  </testsuite>
  <testsuite id="2001" name="2 Scenario_IndexIcon" package="2 Scenario_IndexIcon" hostname="ATMECSINDT-016" timestamp="2019-10-01T14:29:00" time="5.459" tests="3" errors="0">
    <properties>
      <property name="Run From" value="ATMECSINDT-016" />
      <property name="Run OS" value="amd64 Windows 10 10.0" />
      <property name="Run User" value="Unnamalai.S" />
      <property name="Iteration" value="1 of 1" />
      <property name="Script" value="Scenario_IndexIcon.xlsx" />
      <property name="Logs" value="C:\projects\ParaBankAutomation\output\20191001_142835\logs\nexial-20191001_142835.log" />
      <property name="runtime args" value="-plan C:\projects\ParaBankAutomation\artifact\plan\Scenario_IndexIcon-plan.xlsx" />
      <property name="DataSheet(s)" value="#default" />
      <property name="Data File" value="Scenario_IndexIcon.data.xlsx" />
    </properties>
    <testcase id="Verifying ATM services of index page" name="Verifying ATM services of index page" classname="TestCase_07" timestamp="2019-10-01T14:29:01" time="4.288">
      <system-out>Total : 3
Passed: 3
Failed: 0
Output: C:\projects\ParaBankAutomation\output\20191001_142835\Scenario_IndexIcon-plan.002,Scenario_IndexIcon.20191001_142900.001.xlsx
Logs  : C:\projects\ParaBankAutomation\output\20191001_142835\logs\nexial-20191001_142835.log</system-out>
    </testcase>
  </testsuite>
</testsuites>
