<?xml version="1.0" encoding="UTF-8"?>
<testsuites name="20191001_132506" timestamp="2019-10-01T13:25:07" time="38.146" tests="10" errors="1">
  <testsuite id="1001" name="1 Scenario_IndexIcon" package="1 Scenario_IndexIcon" hostname="ATMECSINDT-016" timestamp="2019-10-01T13:25:09" time="24.711" tests="6" errors="0">
    <properties>
      <property name="Run From" value="ATMECSINDT-016" />
      <property name="Run OS" value="amd64 Windows 10 10.0" />
      <property name="Run User" value="Unnamalai.S" />
      <property name="Iteration" value="1 of 1" />
      <property name="Script" value="Scenario_IndexIcon.xlsx" />
      <property name="Logs" value="C:\projects\ParaBankAutomation\output\20191001_132506\logs\nexial-20191001_132506.log" />
      <property name="Data File" value="Scenario_IndexIcon.data.xlsx" />
      <property name="DataSheet(s)" value="#default" />
      <property name="runtime args" value="-plan C:\projects\ParaBankAutomation\artifact\plan\Scenario_IndexIcon-plan.xlsx" />
    </properties>
    <testcase id="Validate index icon" name="Validate index icon" classname="TestCase_06" timestamp="2019-10-01T13:25:12" time="21.700">
      <system-out>Total : 6
Passed: 6
Failed: 0
Output: C:\projects\ParaBankAutomation\output\20191001_132506\Scenario_IndexIcon-plan.001,Scenario_IndexIcon.20191001_132509.001.xlsx
Logs  : C:\projects\ParaBankAutomation\output\20191001_132506\logs\nexial-20191001_132506.log</system-out>
    </testcase>
  </testsuite>
  <testsuite id="2001" name="2 Scenario_IndexIcon" package="2 Scenario_IndexIcon" hostname="ATMECSINDT-016" timestamp="2019-10-01T13:25:36" time="7.305" tests="4" errors="1">
    <properties>
      <property name="Run From" value="ATMECSINDT-016" />
      <property name="Run OS" value="amd64 Windows 10 10.0" />
      <property name="Run User" value="Unnamalai.S" />
      <property name="Iteration" value="1 of 1" />
      <property name="Script" value="Scenario_IndexIcon.xlsx" />
      <property name="Logs" value="C:\projects\ParaBankAutomation\output\20191001_132506\logs\nexial-20191001_132506.log" />
      <property name="runtime args" value="-plan C:\projects\ParaBankAutomation\artifact\plan\Scenario_IndexIcon-plan.xlsx" />
      <property name="DataSheet(s)" value="#default" />
      <property name="Data File" value="Scenario_IndexIcon.data.xlsx" />
    </properties>
    <testcase id="Verifying ATM services of index page" name="Verifying ATM services of index page" classname="TestCase_07" timestamp="2019-10-01T13:25:37" time="5.748">
      <failure type="failure found in test activity" message="1 of 4 FAILED. Check C:\projects\ParaBankAutomation\output\20191001_132506\Scenario_IndexIcon-plan.002,Scenario_IndexIcon.20191001_132536.001.xlsx for execution result, C:\projects\ParaBankAutomation\output\20191001_132506\logs\nexial-20191001_132506.log for execution logs" />
      <system-out>Total : 4
Passed: 3
Failed: 1
Output: C:\projects\ParaBankAutomation\output\20191001_132506\Scenario_IndexIcon-plan.002,Scenario_IndexIcon.20191001_132536.001.xlsx
Logs  : C:\projects\ParaBankAutomation\output\20191001_132506\logs\nexial-20191001_132506.log</system-out>
    </testcase>
  </testsuite>
</testsuites>
