<?xml version="1.0" encoding="UTF-8"?>
<testsuites name="20191001_172111" timestamp="2019-10-01T17:21:11" time="58.117" tests="26" errors="0">
  <testsuite id="1001" name="1 Scenario_IndexIcon" package="1 Scenario_IndexIcon" hostname="ATMECSINDT-016" timestamp="2019-10-01T17:21:12" time="18.530" tests="6" errors="0">
    <properties>
      <property name="Run From" value="ATMECSINDT-016" />
      <property name="Run OS" value="amd64 Windows 10 10.0" />
      <property name="Run User" value="Unnamalai.S" />
      <property name="Iteration" value="1 of 1" />
      <property name="Script" value="Scenario_IndexIcon.xlsx" />
      <property name="Logs" value="C:\projects\ParaBankAutomation\output\20191001_172111\logs\nexial-20191001_172111.log" />
      <property name="Data File" value="Scenario_IndexIcon.data.xlsx" />
      <property name="DataSheet(s)" value="#default" />
      <property name="runtime args" value="-plan C:\projects\ParaBankAutomation\artifact\plan\Scenario_IndexIcon-plan.xlsx" />
    </properties>
    <testcase id="Validate index icon" name="Validate index icon" classname="TestCase_06" timestamp="2019-10-01T17:21:15" time="15.975">
      <system-out>Total : 6
Passed: 6
Failed: 0
Output: C:\projects\ParaBankAutomation\output\20191001_172111\Scenario_IndexIcon-plan.001,Scenario_IndexIcon.20191001_172112.001.xlsx
Logs  : C:\projects\ParaBankAutomation\output\20191001_172111\logs\nexial-20191001_172111.log</system-out>
    </testcase>
  </testsuite>
  <testsuite id="2001" name="2 Scenario_IndexIcon" package="2 Scenario_IndexIcon" hostname="ATMECSINDT-016" timestamp="2019-10-01T17:21:33" time="12.749" tests="9" errors="0">
    <properties>
      <property name="Run From" value="ATMECSINDT-016" />
      <property name="Run OS" value="amd64 Windows 10 10.0" />
      <property name="Run User" value="Unnamalai.S" />
      <property name="Iteration" value="1 of 1" />
      <property name="Script" value="Scenario_IndexIcon.xlsx" />
      <property name="Logs" value="C:\projects\ParaBankAutomation\output\20191001_172111\logs\nexial-20191001_172111.log" />
      <property name="runtime args" value="-plan C:\projects\ParaBankAutomation\artifact\plan\Scenario_IndexIcon-plan.xlsx" />
      <property name="Data File" value="Scenario_IndexIcon.data.xlsx" />
      <property name="DataSheet(s)" value="#default" />
    </properties>
    <testcase id="Verifying ATM services of index page" name="Verifying ATM services of index page" classname="TestCase_07" timestamp="2019-10-01T17:21:35" time="11.019">
      <system-out>Total : 9
Passed: 9
Failed: 0
Output: C:\projects\ParaBankAutomation\output\20191001_172111\Scenario_IndexIcon-plan.002,Scenario_IndexIcon.20191001_172133.001.xlsx
Logs  : C:\projects\ParaBankAutomation\output\20191001_172111\logs\nexial-20191001_172111.log</system-out>
    </testcase>
  </testsuite>
  <testsuite id="3001" name="3 Scenario_IndexIcon" package="3 Scenario_IndexIcon" hostname="ATMECSINDT-016" timestamp="2019-10-01T17:21:48" time="9.930" tests="7" errors="0">
    <properties>
      <property name="Run From" value="ATMECSINDT-016" />
      <property name="Run OS" value="amd64 Windows 10 10.0" />
      <property name="Run User" value="Unnamalai.S" />
      <property name="Iteration" value="1 of 1" />
      <property name="Script" value="Scenario_IndexIcon.xlsx" />
      <property name="Logs" value="C:\projects\ParaBankAutomation\output\20191001_172111\logs\nexial-20191001_172111.log" />
      <property name="runtime args" value="-plan C:\projects\ParaBankAutomation\artifact\plan\Scenario_IndexIcon-plan.xlsx" />
      <property name="Data File" value="Scenario_IndexIcon.data.xlsx" />
      <property name="DataSheet(s)" value="#default" />
    </properties>
    <testcase id="Verifying online services of index page" name="Verifying online services of index page" classname="TestCase_08" timestamp="2019-10-01T17:21:49" time="9.068">
      <system-out>Total : 7
Passed: 7
Failed: 0
Output: C:\projects\ParaBankAutomation\output\20191001_172111\Scenario_IndexIcon-plan.003,Scenario_IndexIcon.20191001_172148.001.xlsx
Logs  : C:\projects\ParaBankAutomation\output\20191001_172111\logs\nexial-20191001_172111.log</system-out>
    </testcase>
  </testsuite>
  <testsuite id="4001" name="4 Scenario_IndexIcon" package="4 Scenario_IndexIcon" hostname="ATMECSINDT-016" timestamp="2019-10-01T17:22:00" time="7.164" tests="4" errors="0">
    <properties>
      <property name="Run From" value="ATMECSINDT-016" />
      <property name="Run OS" value="amd64 Windows 10 10.0" />
      <property name="Run User" value="Unnamalai.S" />
      <property name="Iteration" value="1 of 1" />
      <property name="Script" value="Scenario_IndexIcon.xlsx" />
      <property name="Logs" value="C:\projects\ParaBankAutomation\output\20191001_172111\logs\nexial-20191001_172111.log" />
      <property name="runtime args" value="-plan C:\projects\ParaBankAutomation\artifact\plan\Scenario_IndexIcon-plan.xlsx" />
      <property name="Data File" value="Scenario_IndexIcon.data.xlsx" />
      <property name="DataSheet(s)" value="#default" />
    </properties>
    <testcase id="Verifying online services of index page" name="Verifying online services of index page" classname="TestCase_09" timestamp="2019-10-01T17:22:01" time="6.309">
      <system-out>Total : 4
Passed: 4
Failed: 0
Output: C:\projects\ParaBankAutomation\output\20191001_172111\Scenario_IndexIcon-plan.004,Scenario_IndexIcon.20191001_172200.001.xlsx
Logs  : C:\projects\ParaBankAutomation\output\20191001_172111\logs\nexial-20191001_172111.log</system-out>
    </testcase>
  </testsuite>
</testsuites>
