<?xml version="1.0" encoding="UTF-8"?>
<testsuites name="20191001_125816" timestamp="2019-10-01T12:58:17" time="23.081" tests="6" errors="1">
  <testsuite id="1001" name="1 Scenario_IndexIcon" package="1 Scenario_IndexIcon" hostname="ATMECSINDT-016" timestamp="2019-10-01T12:58:18" time="19.241" tests="6" errors="1">
    <properties>
      <property name="Run From" value="ATMECSINDT-016" />
      <property name="Run OS" value="amd64 Windows 10 10.0" />
      <property name="Run User" value="Unnamalai.S" />
      <property name="Iteration" value="1 of 1" />
      <property name="Script" value="Scenario_IndexIcon.xlsx" />
      <property name="Logs" value="C:\projects\ParaBankAutomation\output\20191001_125816\logs\nexial-20191001_125816.log" />
      <property name="Data File" value="Scenario_IndexIcon.data.xlsx" />
      <property name="DataSheet(s)" value="#default" />
      <property name="runtime args" value="-plan C:\projects\ParaBankAutomation\artifact\plan\Scenario_IndexIcon-plan.xlsx" />
    </properties>
    <testcase id="Validate index icon" name="Validate index icon" classname="TestCase_06" timestamp="2019-10-01T12:58:20" time="17.239">
      <failure type="failure found in test activity" message="1 of 6 FAILED. Check C:\projects\ParaBankAutomation\output\20191001_125816\Scenario_IndexIcon-plan.001,Scenario_IndexIcon.20191001_125818.001.xlsx for execution result, C:\projects\ParaBankAutomation\output\20191001_125816\logs\nexial-20191001_125816.log for execution logs" />
      <system-out>Total : 6
Passed: 5
Failed: 1
Output: C:\projects\ParaBankAutomation\output\20191001_125816\Scenario_IndexIcon-plan.001,Scenario_IndexIcon.20191001_125818.001.xlsx
Logs  : C:\projects\ParaBankAutomation\output\20191001_125816\logs\nexial-20191001_125816.log</system-out>
    </testcase>
  </testsuite>
</testsuites>
