<?xml version="1.0" encoding="UTF-8"?>
<testsuites name="20191001_185219" timestamp="2019-10-01T18:52:19" time="75.211" tests="36" errors="1">
  <testsuite id="1001" name="1 Scenario_IndexIcon" package="1 Scenario_IndexIcon" hostname="ATMECSINDT-016" timestamp="2019-10-01T18:52:21" time="18.446" tests="6" errors="0">
    <properties>
      <property name="Run From" value="ATMECSINDT-016" />
      <property name="Run OS" value="amd64 Windows 10 10.0" />
      <property name="Run User" value="Unnamalai.S" />
      <property name="Iteration" value="1 of 1" />
      <property name="Script" value="Scenario_IndexIcon.xlsx" />
      <property name="Logs" value="C:\projects\ParaBankAutomation\output\20191001_185219\logs\nexial-20191001_185219.log" />
      <property name="Data File" value="Scenario_IndexIcon.data.xlsx" />
      <property name="DataSheet(s)" value="#default" />
      <property name="runtime args" value="-plan C:\projects\ParaBankAutomation\artifact\plan\Scenario_IndexIcon-plan.xlsx" />
    </properties>
    <testcase id="Validate index icon" name="Validate index icon" classname="TestCase_06" timestamp="2019-10-01T18:52:23" time="15.853">
      <system-out>Total : 6
Passed: 6
Failed: 0
Output: C:\projects\ParaBankAutomation\output\20191001_185219\Scenario_IndexIcon-plan.001,Scenario_IndexIcon.20191001_185221.001.xlsx
Logs  : C:\projects\ParaBankAutomation\output\20191001_185219\logs\nexial-20191001_185219.log</system-out>
    </testcase>
  </testsuite>
  <testsuite id="2001" name="2 Scenario_IndexIcon" package="2 Scenario_IndexIcon" hostname="ATMECSINDT-016" timestamp="2019-10-01T18:52:42" time="12.879" tests="9" errors="0">
    <properties>
      <property name="Run From" value="ATMECSINDT-016" />
      <property name="Run OS" value="amd64 Windows 10 10.0" />
      <property name="Run User" value="Unnamalai.S" />
      <property name="Iteration" value="1 of 1" />
      <property name="Script" value="Scenario_IndexIcon.xlsx" />
      <property name="Logs" value="C:\projects\ParaBankAutomation\output\20191001_185219\logs\nexial-20191001_185219.log" />
      <property name="runtime args" value="-plan C:\projects\ParaBankAutomation\artifact\plan\Scenario_IndexIcon-plan.xlsx" />
      <property name="Data File" value="Scenario_IndexIcon.data.xlsx" />
      <property name="DataSheet(s)" value="#default" />
    </properties>
    <testcase id="Verifying ATM services of index page" name="Verifying ATM services of index page" classname="TestCase_07" timestamp="2019-10-01T18:52:44" time="10.966">
      <system-out>Total : 9
Passed: 9
Failed: 0
Output: C:\projects\ParaBankAutomation\output\20191001_185219\Scenario_IndexIcon-plan.002,Scenario_IndexIcon.20191001_185242.001.xlsx
Logs  : C:\projects\ParaBankAutomation\output\20191001_185219\logs\nexial-20191001_185219.log</system-out>
    </testcase>
  </testsuite>
  <testsuite id="3001" name="3 Scenario_IndexIcon" package="3 Scenario_IndexIcon" hostname="ATMECSINDT-016" timestamp="2019-10-01T18:52:57" time="10.324" tests="7" errors="0">
    <properties>
      <property name="Run From" value="ATMECSINDT-016" />
      <property name="Run OS" value="amd64 Windows 10 10.0" />
      <property name="Run User" value="Unnamalai.S" />
      <property name="Iteration" value="1 of 1" />
      <property name="Script" value="Scenario_IndexIcon.xlsx" />
      <property name="Logs" value="C:\projects\ParaBankAutomation\output\20191001_185219\logs\nexial-20191001_185219.log" />
      <property name="runtime args" value="-plan C:\projects\ParaBankAutomation\artifact\plan\Scenario_IndexIcon-plan.xlsx" />
      <property name="Data File" value="Scenario_IndexIcon.data.xlsx" />
      <property name="DataSheet(s)" value="#default" />
    </properties>
    <testcase id="Verifying online services of index page" name="Verifying online services of index page" classname="TestCase_08" timestamp="2019-10-01T18:52:58" time="9.405">
      <system-out>Total : 7
Passed: 7
Failed: 0
Output: C:\projects\ParaBankAutomation\output\20191001_185219\Scenario_IndexIcon-plan.003,Scenario_IndexIcon.20191001_185257.001.xlsx
Logs  : C:\projects\ParaBankAutomation\output\20191001_185219\logs\nexial-20191001_185219.log</system-out>
    </testcase>
  </testsuite>
  <testsuite id="4001" name="4 Scenario_IndexIcon" package="4 Scenario_IndexIcon" hostname="ATMECSINDT-016" timestamp="2019-10-01T18:53:09" time="6.874" tests="4" errors="0">
    <properties>
      <property name="Run From" value="ATMECSINDT-016" />
      <property name="Run OS" value="amd64 Windows 10 10.0" />
      <property name="Run User" value="Unnamalai.S" />
      <property name="Iteration" value="1 of 1" />
      <property name="Script" value="Scenario_IndexIcon.xlsx" />
      <property name="Logs" value="C:\projects\ParaBankAutomation\output\20191001_185219\logs\nexial-20191001_185219.log" />
      <property name="runtime args" value="-plan C:\projects\ParaBankAutomation\artifact\plan\Scenario_IndexIcon-plan.xlsx" />
      <property name="Data File" value="Scenario_IndexIcon.data.xlsx" />
      <property name="DataSheet(s)" value="#default" />
    </properties>
    <testcase id="Verifying online services of index page" name="Verifying online services of index page" classname="TestCase_09" timestamp="2019-10-01T18:53:10" time="6.052">
      <system-out>Total : 4
Passed: 4
Failed: 0
Output: C:\projects\ParaBankAutomation\output\20191001_185219\Scenario_IndexIcon-plan.004,Scenario_IndexIcon.20191001_185309.001.xlsx
Logs  : C:\projects\ParaBankAutomation\output\20191001_185219\logs\nexial-20191001_185219.log</system-out>
    </testcase>
  </testsuite>
  <testsuite id="5001" name="5 Scenario_IndexIcon" package="5 Scenario_IndexIcon" hostname="ATMECSINDT-016" timestamp="2019-10-01T18:53:19" time="5.050" tests="4" errors="0">
    <properties>
      <property name="Run From" value="ATMECSINDT-016" />
      <property name="Run OS" value="amd64 Windows 10 10.0" />
      <property name="Run User" value="Unnamalai.S" />
      <property name="Iteration" value="1 of 1" />
      <property name="Script" value="Scenario_IndexIcon.xlsx" />
      <property name="Logs" value="C:\projects\ParaBankAutomation\output\20191001_185219\logs\nexial-20191001_185219.log" />
      <property name="runtime args" value="-plan C:\projects\ParaBankAutomation\artifact\plan\Scenario_IndexIcon-plan.xlsx" />
      <property name="Data File" value="Scenario_IndexIcon.data.xlsx" />
      <property name="DataSheet(s)" value="#default" />
    </properties>
    <testcase id="Verifying online services of index page" name="Verifying online services of index page" classname="TestCase_14" timestamp="2019-10-01T18:53:19" time="4.219">
      <system-out>Total : 4
Passed: 4
Failed: 0
Output: C:\projects\ParaBankAutomation\output\20191001_185219\Scenario_IndexIcon-plan.005,Scenario_IndexIcon.20191001_185319.001.xlsx
Logs  : C:\projects\ParaBankAutomation\output\20191001_185219\logs\nexial-20191001_185219.log</system-out>
    </testcase>
  </testsuite>
  <testsuite id="6001" name="6 Scenario_IndexIcon" package="6 Scenario_IndexIcon" hostname="ATMECSINDT-016" timestamp="2019-10-01T18:53:25" time="6.895" tests="6" errors="1">
    <properties>
      <property name="Run From" value="ATMECSINDT-016" />
      <property name="Run OS" value="amd64 Windows 10 10.0" />
      <property name="Run User" value="Unnamalai.S" />
      <property name="Iteration" value="1 of 1" />
      <property name="Script" value="Scenario_IndexIcon.xlsx" />
      <property name="Logs" value="C:\projects\ParaBankAutomation\output\20191001_185219\logs\nexial-20191001_185219.log" />
      <property name="runtime args" value="-plan C:\projects\ParaBankAutomation\artifact\plan\Scenario_IndexIcon-plan.xlsx" />
      <property name="Data File" value="Scenario_IndexIcon.data.xlsx" />
      <property name="DataSheet(s)" value="#default" />
    </properties>
    <testcase id="Verifying online services of index page" name="Verifying online services of index page" classname="TestCase_10" timestamp="2019-10-01T18:53:26" time="6.011">
      <failure type="failure found in test activity" message="1 of 6 FAILED. Check C:\projects\ParaBankAutomation\output\20191001_185219\Scenario_IndexIcon-plan.006,Scenario_IndexIcon.20191001_185325.001.xlsx for execution result, C:\projects\ParaBankAutomation\output\20191001_185219\logs\nexial-20191001_185219.log for execution logs" />
      <system-out>Total : 6
Passed: 5
Failed: 1
Output: C:\projects\ParaBankAutomation\output\20191001_185219\Scenario_IndexIcon-plan.006,Scenario_IndexIcon.20191001_185325.001.xlsx
Logs  : C:\projects\ParaBankAutomation\output\20191001_185219\logs\nexial-20191001_185219.log</system-out>
    </testcase>
  </testsuite>
</testsuites>
